This is a test log message for the 'users' logger.
User  (User ID: None) logged out on 2023-09-03 17:29:03.935150
User marc (User ID: 1) logged on 2023-09-03 17:29:08.140210 with user-agent PC / Mac OS X 10.15.7 / Chrome 116.0.0
This is a test log message for the 'users' logger.
User marc (User ID: 1) logged out on 2023-09-03 17:30:39.471247
User marc (User ID: 1) logged on 2023-09-03 17:30:43.140110 with user-agent PC / Mac OS X 10.15.7 / Chrome 116.0.0
User marc (User ID: 1) logged on 2023-09-04 22:15:27.124898 with user-agent PC / Windows 10 / Edge 116.0.1938
User marc (User ID: 1) logged on 2023-09-04 22:36:32.657035 with user-agent iPhone / iOS 16.6 / Mobile Safari 16.6
User marc (User ID: 1) logged on 2023-09-05 08:41:34.905520 with user-agent PC / Mac OS X 10.15.7 / Chrome 116.0.0
User marc (User ID: 1) logged on 2023-09-05 09:01:13.659982 with user-agent iPhone / iOS 17.0 / Mobile Safari 17.0
User marc (User ID: 1) logged out on 2023-09-05 09:02:44.089652
User marc (User ID: 1) logged on 2023-09-05 09:02:51.337294 with user-agent iPhone / iOS 17.0 / Mobile Safari 17.0
User marc (User ID: 1) logged out on 2023-09-05 09:04:46.948364
User test (User ID: 14) logged on 2023-09-05 09:06:36.425493 with user-agent iPhone / iOS 17.0 / Mobile Safari 17.0
User marc (User ID: 1) logged on 2023-09-05 18:55:58.134781 with user-agent PC / Mac OS X 10.15.7 / Chrome 116.0.0
User marc (User ID: 1) logged out on 2023-09-05 19:04:05.091940
User marc (User ID: 1) logged on 2023-09-05 19:04:09.894745 with user-agent Nexus 5 / Android 6.0 / Chrome Mobile 116.0.0
User marc (User ID: 1) logged on 2023-09-07 14:53:40.017531 with user-agent PC / Mac OS X 10.15.7 / Chrome 116.0.0
User marc (User ID: 1) logged out on 2023-09-14 20:57:59.384762
User marc (User ID: 1) logged on 2023-09-14 21:02:09.248924 with user-agent PC / Mac OS X 10.15.7 / Chrome 116.0.0
User marc (User ID: 1) logged on 2023-09-14 21:10:46.940911 with user-agent PC / Mac OS X 10.15.7 / Chrome 116.0.0
User marc (User ID: 1) logged on 2023-09-15 11:56:24.338354 with user-agent iPhone / iOS 17.0 / Mobile Safari 17.0
User marc (User ID: 1) logged on 2023-09-15 11:59:50.277395 with user-agent PC / Mac OS X 10.15.7 / Chrome 116.0.0
User marc (User ID: 1) logged on 2023-09-16 11:28:00.560375 with user-agent PC / Mac OS X 10.15.7 / Chrome 116.0.0
User marc (User ID: 1) logged on 2023-09-17 13:24:56.414629 with user-agent iPhone / iOS 17.0 / Mobile Safari 17.0
User marc (User ID: 1) logged out on 2023-09-17 13:33:41.646580
User marc (User ID: 1) logged on 2023-09-17 13:39:19.702351 with user-agent iPhone / iOS 17.0 / Mobile Safari 17.0
User marc (User ID: 1) logged on 2023-09-21 21:56:08.887815 with user-agent PC / Mac OS X 10.15.7 / Chrome 116.0.0
User @marc (User ID: 1) edited his profile on 2023-09-21 21:56:21.124379.
User marc (User ID: 1) logged out on 2023-09-21 21:59:08.676414
User marc (User ID: 1) logged on 2023-09-21 21:59:29.187147 with user-agent PC / Mac OS X 10.15.7 / Chrome 116.0.0
User @marc (User ID: 1) edited his profile on 2023-09-21 21:59:41.123782.
Old User: [{"model": "artax.user", "pk": 1, "fields": {"password": "pbkdf2_sha256$600000$xuhrSFxWJ1ib4YwpwrEwYY$lOm0ndFhDgx7COE3vHghxzZWwwQEtoHdf1ec1lT1j6A=", "last_login": "2023-09-21T18:59:29.191Z", "is_superuser": true, "username": "marc", "first_name": "Marc Nadim", "last_name": "Zeenny", "is_staff": true, "is_active": true, "date_joined": "2023-05-28T14:14:13Z", "email": "marcnzeenny@outlook.com", "about": "A professional man; artax founder", "job": "System Administrator", "address": "1356 Victory Blvd", "phone": "+96181383882", "date_of_registration": "2023-05-28", "twitter_url": "#", "facebook_url": "#", "insta_url": "#", "linkedin_url": "#", "groups": [3], "user_permissions": []}}]
New User: [{"model": "artax.user", "pk": 1, "fields": {"password": "pbkdf2_sha256$600000$xuhrSFxWJ1ib4YwpwrEwYY$lOm0ndFhDgx7COE3vHghxzZWwwQEtoHdf1ec1lT1j6A=", "last_login": "2023-09-21T18:59:29.191Z", "is_superuser": true, "username": "marc", "first_name": "Marc Nadim", "last_name": "Zeenny", "is_staff": true, "is_active": true, "date_joined": "2023-05-28T14:14:13Z", "email": "marcnzeenny@outlook.com", "about": "A professional man; artax founder", "job": "System Administrator", "address": "1356 Victory Blvd", "phone": "+96181383882", "date_of_registration": "2023-05-28", "twitter_url": "#", "facebook_url": "#", "insta_url": "#", "linkedin_url": "#", "groups": [3], "user_permissions": []}}]
User @marc (User ID: 1) changed his password on 2023-09-21 21:59:55.107694
User marc (User ID: 1) logged on 2023-09-21 22:00:02.344968 with user-agent PC / Mac OS X 10.15.7 / Chrome 116.0.0
User marc (User ID: 1) logged out on 2023-09-22 16:54:25.769367
User marc (User ID: 1) logged on 2023-09-22 16:54:37.468646 with user-agent PC / Mac OS X 10.15.7 / Chrome 116.0.0
User marc (User ID: 1) logged out on 2023-09-22 19:10:09.565004
User marc (User ID: 1) logged on 2023-09-22 19:14:11.743126 with user-agent PC / Mac OS X 10.15.7 / Chrome 116.0.0
User marc (User ID: 1) logged out on 2023-09-22 19:15:23.975400
User marc (User ID: 1) logged on 2023-09-22 19:16:31.310686 with user-agent PC / Mac OS X 10.15.7 / Chrome 116.0.0
User @marc (User ID: 1) edited his profile on 2023-09-22 19:16:42.371477.
Old User: [{"model": "artax.user", "pk": 1, "fields": {"password": "pbkdf2_sha256$600000$GuQDKk5D7wZQP5usVsh9S5$0RT+fhnTwwGWPUQoMufUXhBf1J17UUiQ3yldy43coho=", "last_login": "2023-09-22T16:16:31.314Z", "is_superuser": true, "username": "marc", "first_name": "Marc Nadim", "last_name": "Zeenny", "is_staff": true, "is_active": true, "date_joined": "2023-05-28T14:14:13Z", "email": "marcnzeenny@outlook.com", "about": "A professional man; ", "job": "System Administrator", "address": "1356 Victory Blvd", "phone": "+96181383882", "date_of_registration": "2023-05-28", "twitter_url": "#", "facebook_url": "#", "insta_url": "#", "linkedin_url": "#", "groups": [3], "user_permissions": []}}]
New User: [{"model": "artax.user", "pk": 1, "fields": {"password": "pbkdf2_sha256$600000$GuQDKk5D7wZQP5usVsh9S5$0RT+fhnTwwGWPUQoMufUXhBf1J17UUiQ3yldy43coho=", "last_login": "2023-09-22T16:16:31.314Z", "is_superuser": true, "username": "marc", "first_name": "Marc Nadim", "last_name": "Zeenny", "is_staff": true, "is_active": true, "date_joined": "2023-05-28T14:14:13Z", "email": "marcnzeenny@outlook.com", "about": "A professional man; ", "job": "System Administrator", "address": "1356 Victory Blvd", "phone": "+96181383882", "date_of_registration": "2023-05-28", "twitter_url": "#", "facebook_url": "#", "insta_url": "#", "linkedin_url": "#", "groups": [3], "user_permissions": []}}]
User @marc (User ID: 1) changed his password on 2023-09-22 19:16:52.732401
User marc (User ID: 1) logged on 2023-09-22 19:17:03.894667 with user-agent PC / Mac OS X 10.15.7 / Chrome 116.0.0
User marc (User ID: 1) logged out on 2023-09-23 10:37:14.634746
User marc (User ID: 1) logged on 2023-09-23 10:37:26.875410 with user-agent PC / Mac OS X 10.15.7 / Chrome 116.0.0
User marc (User ID: 1) logged out on 2023-09-23 14:15:46.627632
User marccc (User ID: 19) logged on 2023-09-23 14:15:58.103230 with user-agent PC / Mac OS X 10.15.7 / Chrome 116.0.0
User marccc (User ID: 19) logged out on 2023-09-23 14:36:44.370119
User marc (User ID: 1) logged on 2023-09-23 14:36:51.203556 with user-agent PC / Mac OS X 10.15.7 / Chrome 116.0.0
User @marc (User ID: 1) edited his profile on 2023-09-24 22:37:15.847864.
Old User: [{"model": "artax.user", "pk": 1, "fields": {"password": "pbkdf2_sha256$600000$BkOLvUUv28B7kYNrCinb1c$XBth6CptP9zdGuPiXHwic7erxUtuXFbSwvCeGzbRbgk=", "last_login": "2023-09-23T11:36:51.208Z", "is_superuser": true, "username": "marc", "first_name": "", "last_name": "Zeenny", "is_staff": true, "is_active": true, "date_joined": "2023-05-28T14:14:13Z", "email": "marcnzeenny@outlook.com", "about": "A professional man; ", "job": "System Administrator", "address": "1356 Victory Blvd", "phone": "+96181383882", "date_of_registration": "2023-05-28", "twitter_url": "#", "facebook_url": "#", "insta_url": "#", "linkedin_url": "#", "groups": [3], "user_permissions": []}}]
New User: [{"model": "artax.user", "pk": 1, "fields": {"password": "pbkdf2_sha256$600000$BkOLvUUv28B7kYNrCinb1c$XBth6CptP9zdGuPiXHwic7erxUtuXFbSwvCeGzbRbgk=", "last_login": "2023-09-23T11:36:51.208Z", "is_superuser": true, "username": "marc", "first_name": "", "last_name": "Zeenny", "is_staff": true, "is_active": true, "date_joined": "2023-05-28T14:14:13Z", "email": "marcnzeenny@outlook.com", "about": "A professional man; ", "job": "System Administrator", "address": "1356 Victory Blvd", "phone": "+96181383882", "date_of_registration": "2023-05-28", "twitter_url": "#", "facebook_url": "#", "insta_url": "#", "linkedin_url": "#", "groups": [3], "user_permissions": []}}]
User @marc (User ID: 1) edited his profile on 2023-09-24 22:37:24.493223.
Old User: [{"model": "artax.user", "pk": 1, "fields": {"password": "pbkdf2_sha256$600000$BkOLvUUv28B7kYNrCinb1c$XBth6CptP9zdGuPiXHwic7erxUtuXFbSwvCeGzbRbgk=", "last_login": "2023-09-23T11:36:51.208Z", "is_superuser": true, "username": "marc", "first_name": "Marc Nadim", "last_name": "Zeenny", "is_staff": true, "is_active": true, "date_joined": "2023-05-28T14:14:13Z", "email": "marcnzeenny@outlook.com", "about": "A professional man; ", "job": "System Administrator", "address": "1356 Victory Blvd", "phone": "+96181383882", "date_of_registration": "2023-05-28", "twitter_url": "#", "facebook_url": "#", "insta_url": "#", "linkedin_url": "#", "groups": [3], "user_permissions": []}}]
New User: [{"model": "artax.user", "pk": 1, "fields": {"password": "pbkdf2_sha256$600000$BkOLvUUv28B7kYNrCinb1c$XBth6CptP9zdGuPiXHwic7erxUtuXFbSwvCeGzbRbgk=", "last_login": "2023-09-23T11:36:51.208Z", "is_superuser": true, "username": "marc", "first_name": "Marc Nadim", "last_name": "Zeenny", "is_staff": true, "is_active": true, "date_joined": "2023-05-28T14:14:13Z", "email": "marcnzeenny@outlook.com", "about": "A professional man; ", "job": "System Administrator", "address": "1356 Victory Blvd", "phone": "+96181383882", "date_of_registration": "2023-05-28", "twitter_url": "#", "facebook_url": "#", "insta_url": "#", "linkedin_url": "#", "groups": [3], "user_permissions": []}}]
User marc (User ID: 1) logged out on 2023-09-24 22:37:29.451689
User marc (User ID: 1) logged on 2023-09-24 22:37:33.235294 with user-agent Nexus 5 / Android 6.0 / Chrome Mobile 116.0.0
User marc (User ID: 1) logged out on 2023-09-24 23:57:11.282940
User marc (User ID: 1) logged on 2023-09-25 00:03:26.740685 with user-agent PC / Mac OS X 10.15.7 / Chrome 116.0.0
User marc (User ID: 1) logged on 2023-09-26 08:36:28.534863 with user-agent iPhone / iOS 13.2.3 / Mobile Safari 13.0.3
User marc (User ID: 1) logged on 2023-09-26 12:52:52.967265 with user-agent iPhone / iOS 17.0 / Mobile Safari 17.0
User marc (User ID: 1) logged on 2023-09-26 14:11:00.279064 with user-agent PC / Mac OS X 10.15.7 / Chrome 116.0.0
User marc (User ID: 2) logged on 2023-09-27 10:55:45.691105 with user-agent PC / Windows 10 / Edge 110.0.1587
User @marc (User ID: 2) edited his profile on 2023-09-27 10:56:03.374490.
Old User: [{"model": "artax.user", "pk": 2, "fields": {"password": "pbkdf2_sha256$390000$i0DGjEQaitFvsWd7zqufwJ$XEajp5JuGf2oZRBSXskjIf4kHPlSzGbo95UgPqgFyG0=", "last_login": "2023-09-27T07:55:45.706Z", "is_superuser": true, "username": "marc", "first_name": "Marc Nadim", "last_name": "Zeenny", "is_staff": true, "is_active": true, "date_joined": "2023-09-17T16:12:29.099Z", "email": "marcnzeenny@outlook.com", "about": "", "job": "System Administrator", "address": "", "phone": "None", "date_of_registration": "2023-09-17", "twitter_url": "#", "facebook_url": "#", "insta_url": "#", "linkedin_url": "#", "groups": [], "user_permissions": []}}]
New User: [{"model": "artax.user", "pk": 2, "fields": {"password": "pbkdf2_sha256$390000$i0DGjEQaitFvsWd7zqufwJ$XEajp5JuGf2oZRBSXskjIf4kHPlSzGbo95UgPqgFyG0=", "last_login": "2023-09-27T07:55:45.706Z", "is_superuser": true, "username": "marc", "first_name": "Marc Nadim", "last_name": "Zeenny", "is_staff": true, "is_active": true, "date_joined": "2023-09-17T16:12:29.099Z", "email": "marcnzeenny@outlook.com", "about": "", "job": "System Administrator", "address": "", "phone": "None", "date_of_registration": "2023-09-17", "twitter_url": "#", "facebook_url": "#", "insta_url": "#", "linkedin_url": "#", "groups": [], "user_permissions": []}}]
User gz (User ID: 5) logged on 2023-09-27 11:08:42.575491 with user-agent PC / Windows 10 / Chrome 117.0.0
User marc (User ID: 2) logged out on 2023-09-27 11:17:24.639460
User office (User ID: 6) logged on 2023-09-27 11:18:34.238189 with user-agent PC / Windows 10 / Edge 110.0.1587
User office (User ID: 6) logged on 2023-09-27 11:24:34.938991 with user-agent iPhone / iOS 17.0 / Mobile Safari 17.0
User marc (User ID: 2) logged out on 2023-09-27 12:00:37.503040
User office (User ID: 6) logged on 2023-09-27 12:00:44.966232 with user-agent PC / Windows 10 / Chrome 117.0.0
User marc (User ID: 2) logged out on 2023-09-27 12:05:00.522673
User office (User ID: 6) logged on 2023-09-27 12:05:11.383530 with user-agent PC / Windows 10 / Edge 110.0.1587
User office (User ID: 6) logged out on 2023-09-27 12:06:01.144659
User marc (User ID: 2) logged on 2023-09-27 13:54:19.321751 with user-agent PC / Windows 10 / Chrome 117.0.0
User marc (User ID: 2) logged on 2023-09-27 17:18:18.602724 with user-agent iPhone / iOS 17.0 / Mobile Safari 17.0
User marc (User ID: 2) logged out on 2023-09-27 17:21:16.882541
User office (User ID: 6) logged on 2023-09-27 17:21:24.911328 with user-agent iPhone / iOS 17.0 / Mobile Safari 17.0
User office (User ID: 6) logged on 2023-10-06 09:24:34.007135 with user-agent iPad / iOS 16.7 / Mobile Safari 16.6
User marc (User ID: 2) logged out on 2023-10-07 11:19:07.769469
User office (User ID: 6) logged on 2023-10-07 11:19:16.348881 with user-agent PC / Windows 10 / Chrome 117.0.0
User gz (User ID: 5) logged out on 2023-10-07 12:11:10.275373
User gz (User ID: 5) logged on 2023-10-07 12:11:45.269060 with user-agent PC / Windows 10 / Chrome 117.0.0
User gz (User ID: 5) logged out on 2023-10-07 12:17:35.214913
User office (User ID: 6) logged on 2023-10-07 12:17:41.659218 with user-agent PC / Windows 10 / Chrome 117.0.0
User gz (User ID: 5) logged on 2023-10-07 12:19:18.000725 with user-agent PC / Windows 10 / Chrome 117.0.0
User office (User ID: 6) logged on 2023-10-10 08:08:44.423198 with user-agent iPad / iOS 16.7 / Mobile Safari 16.6
User office (User ID: 6) logged on 2023-10-12 08:18:16.804147 with user-agent iPad / iOS 16.7 / Mobile Safari 16.6
User office (User ID: 6) logged out on 2023-10-12 09:47:29.601831
User office (User ID: 6) logged on 2023-10-12 09:47:42.858850 with user-agent PC / Windows 10 / Chrome 117.0.0
User office (User ID: 6) logged on 2023-10-13 09:28:00.814630 with user-agent PC / Windows 10 / Chrome 117.0.0
User office (User ID: 6) logged on 2023-10-13 09:40:06.908496 with user-agent iPad / iOS 16.7.1 / Mobile Safari 16.6
User office (User ID: 6) logged on 2023-10-16 09:28:36.048228 with user-agent PC / Windows 10 / Chrome 118.0.0
User office (User ID: 6) logged on 2023-10-16 11:16:48.205762 with user-agent iPad / iOS 16.7.1 / Mobile Safari 16.6
User office (User ID: 6) logged on 2023-10-16 11:44:41.586695 with user-agent iPad / iOS 16.7.1 / Mobile Safari 16.6
User office (User ID: 6) logged on 2023-10-16 11:49:10.523390 with user-agent iPad / iOS 16.7.1 / Mobile Safari 16.6
User marc (User ID: 2) logged on 2023-10-16 12:02:36.178380 with user-agent PC / Windows 10 / Chrome 118.0.0
User office (User ID: 6) logged on 2023-10-17 08:13:26.961068 with user-agent PC / Windows 10 / Chrome 118.0.0
User office (User ID: 6) logged on 2023-10-17 08:17:07.448483 with user-agent iPad / iOS 16.7.1 / Mobile Safari 16.6
User office (User ID: 6) logged on 2023-10-17 09:49:29.515164 with user-agent iPad / iOS 16.7.1 / Mobile Safari 16.6
User office (User ID: 6) logged on 2023-10-17 11:30:04.085936 with user-agent iPad / iOS 16.7.1 / Mobile Safari 16.6
User office (User ID: 6) logged on 2023-10-17 14:43:13.371377 with user-agent iPad / iOS 16.7.1 / Mobile Safari 16.6
User office (User ID: 6) logged on 2023-10-18 08:48:29.478194 with user-agent PC / Windows 10 / Chrome 118.0.0
User office (User ID: 6) logged on 2023-10-18 09:17:18.377867 with user-agent iPad / iOS 16.7.1 / Mobile Safari 16.6
User office (User ID: 6) logged on 2023-10-19 08:38:44.572209 with user-agent PC / Windows 10 / Chrome 118.0.0
User office (User ID: 6) logged on 2023-10-19 10:24:39.157623 with user-agent iPad / iOS 16.7.1 / Mobile Safari 16.6
User office (User ID: 6) logged on 2023-10-19 11:37:07.783364 with user-agent PC / Windows 10 / Chrome 118.0.0
User office (User ID: 6) logged on 2023-10-19 14:04:17.888935 with user-agent PC / Windows 10 / Chrome 118.0.0
User office (User ID: 6) logged on 2023-10-20 08:56:47.811022 with user-agent PC / Windows 10 / Chrome 118.0.0
User marc (User ID: 2) logged on 2023-10-20 10:29:35.652243 with user-agent PC / Windows 10 / Chrome 118.0.0
User marc (User ID: 2) logged out on 2023-10-20 10:29:45.405987
User marc (User ID: 2) logged on 2023-10-20 10:29:53.757799 with user-agent PC / Windows 10 / Chrome 118.0.0
User rosalie (User ID: 7) logged on 2023-10-20 10:35:50.913671 with user-agent Samsung SM-A505F / Android 11 / Samsung Internet 22.0
User marc (User ID: 2) logged on 2023-10-20 10:44:24.009460 with user-agent PC / Windows 10 / Chrome 118.0.0
User @marc (User ID: 2) edited his profile on 2023-10-20 10:44:38.196991.
Old User: [{"model": "artax.user", "pk": 2, "fields": {"password": "pbkdf2_sha256$390000$i0DGjEQaitFvsWd7zqufwJ$XEajp5JuGf2oZRBSXskjIf4kHPlSzGbo95UgPqgFyG0=", "last_login": "2023-10-20T07:44:24.009Z", "is_superuser": true, "username": "marc", "first_name": "Marc Nadim", "last_name": "Zeenny", "is_staff": true, "is_active": true, "date_joined": "2023-09-17T16:12:29.099Z", "email": "marcnzeenny@outlook.com", "about": "", "job": "System Administrator", "address": "", "phone": "+96181383882", "date_of_registration": "2023-09-17", "twitter_url": "#", "facebook_url": "#", "insta_url": "#", "linkedin_url": "#", "groups": [], "user_permissions": []}}]
New User: [{"model": "artax.user", "pk": 2, "fields": {"password": "pbkdf2_sha256$390000$i0DGjEQaitFvsWd7zqufwJ$XEajp5JuGf2oZRBSXskjIf4kHPlSzGbo95UgPqgFyG0=", "last_login": "2023-10-20T07:44:24.009Z", "is_superuser": true, "username": "marc", "first_name": "Marc Nadim", "last_name": "Zeenny", "is_staff": true, "is_active": true, "date_joined": "2023-09-17T16:12:29.099Z", "email": "marcnzeenny@outlook.com", "about": "", "job": "System Administrator", "address": "", "phone": "+96181383882", "date_of_registration": "2023-09-17", "twitter_url": "#", "facebook_url": "#", "insta_url": "#", "linkedin_url": "#", "groups": [], "user_permissions": []}}]
User marc (User ID: 2) logged on 2023-10-20 10:57:05.921576 with user-agent iPhone / iOS 17.0.3 / Mobile Safari 17.0.1
User marc (User ID: 2) logged on 2023-10-20 11:28:38.495973 with user-agent PC / Windows 10 / Chrome 118.0.0
User @gz (User ID: 5) edited his profile on 2023-10-20 12:53:46.086418.
Old User: [{"model": "artax.user", "pk": 5, "fields": {"password": "pbkdf2_sha256$390000$L12cuhD48VexxypyTbXsbL$iTTRhyMXOOgVNCzCzg7XjBxg6wTs0hKBxUnfg8goFyg=", "last_login": "2023-10-07T09:19:18.000Z", "is_superuser": false, "username": "gz", "first_name": "Georges", "last_name": "Zeenny", "is_staff": false, "is_active": true, "date_joined": "2023-09-27T08:07:28.891Z", "email": "gz@zeennylawfirm.com", "about": "", "job": "", "address": "", "phone": "+9613383882", "date_of_registration": "2023-09-27", "twitter_url": "#", "facebook_url": "#", "insta_url": "#", "linkedin_url": "#", "groups": [2], "user_permissions": []}}]
New User: [{"model": "artax.user", "pk": 5, "fields": {"password": "pbkdf2_sha256$390000$L12cuhD48VexxypyTbXsbL$iTTRhyMXOOgVNCzCzg7XjBxg6wTs0hKBxUnfg8goFyg=", "last_login": "2023-10-07T09:19:18.000Z", "is_superuser": false, "username": "gz", "first_name": "Georges", "last_name": "Zeenny", "is_staff": false, "is_active": true, "date_joined": "2023-09-27T08:07:28.891Z", "email": "gz@zeennylawfirm.com", "about": "", "job": "", "address": "", "phone": "+9613383882", "date_of_registration": "2023-09-27", "twitter_url": "#", "facebook_url": "#", "insta_url": "#", "linkedin_url": "#", "groups": [2], "user_permissions": []}}]
User @gz (User ID: 5) edited his profile on 2023-10-20 12:54:20.718280.
Old User: [{"model": "artax.user", "pk": 5, "fields": {"password": "pbkdf2_sha256$390000$L12cuhD48VexxypyTbXsbL$iTTRhyMXOOgVNCzCzg7XjBxg6wTs0hKBxUnfg8goFyg=", "last_login": "2023-10-07T09:19:18.000Z", "is_superuser": false, "username": "gz", "first_name": "Georges", "last_name": "Zeenny", "is_staff": false, "is_active": true, "date_joined": "2023-09-27T08:07:28.891Z", "email": "gz@zeennylawfirm.com", "about": "", "job": "Lawyer", "address": "", "phone": "+9613383882", "date_of_registration": "2023-09-27", "twitter_url": "#", "facebook_url": "#", "insta_url": "#", "linkedin_url": "#", "groups": [2], "user_permissions": []}}]
New User: [{"model": "artax.user", "pk": 5, "fields": {"password": "pbkdf2_sha256$390000$L12cuhD48VexxypyTbXsbL$iTTRhyMXOOgVNCzCzg7XjBxg6wTs0hKBxUnfg8goFyg=", "last_login": "2023-10-07T09:19:18.000Z", "is_superuser": false, "username": "gz", "first_name": "Georges", "last_name": "Zeenny", "is_staff": false, "is_active": true, "date_joined": "2023-09-27T08:07:28.891Z", "email": "gz@zeennylawfirm.com", "about": "", "job": "Lawyer", "address": "", "phone": "+9613383882", "date_of_registration": "2023-09-27", "twitter_url": "#", "facebook_url": "#", "insta_url": "#", "linkedin_url": "#", "groups": [2], "user_permissions": []}}]
User marc (User ID: 2) logged on 2023-10-20 15:40:04.849996 with user-agent PC / Windows 10 / Chrome 118.0.0
User office (User ID: 6) logged on 2023-10-20 15:41:03.807513 with user-agent PC / Windows 10 / Chrome 118.0.0
User office (User ID: 6) logged out on 2023-10-20 15:47:28.140518
User marc (User ID: 2) logged on 2023-10-20 15:48:50.426801 with user-agent PC / Windows 10 / Chrome 118.0.0
